[Self BA]
input_sparse: data/human2_vggt_official_ba/sparse
images: 16
points: 9068
observations: 57539
optimize_shared_intrinsics: True
shared_camera_model: SIMPLE_PINHOLE
shared_intrinsics_before: [1846.4277440447484, 1024.0, 1024.0]
reproj_before_mean: 1.661785 px
reproj_before_median: 1.329368 px
reproj_before_p90: 3.312308 px
   Iteration     Total nfev        Cost      Cost reduction    Step norm     Optimality   
       0              1         9.1131e+04                                    5.36e+05    
       1              2         8.9702e+04      1.43e+03       5.73e-01       3.00e+04    
       2              5         8.9676e+04      2.64e+01       6.46e-01       6.37e+04    
       3              6         8.9529e+04      1.47e+02       4.64e-02       6.39e+04    
       4              7         8.9502e+04      2.70e+01       1.22e-01       5.08e+04    
       5              8         8.9488e+04      1.38e+01       2.44e-01       3.67e+04    
       6             10         8.9475e+04      1.32e+01       4.37e-02       2.57e+04    
       7             11         8.9470e+04      4.35e+00       8.29e-02       1.42e+04    
       8             12         8.9468e+04      2.18e+00       1.66e-01       2.88e+04    
       9             13         8.9466e+04      1.81e+00       3.99e-02       1.37e+04    
      10             14         8.9465e+04      1.34e+00       1.18e-01       2.40e+04    
      11             15         8.9464e+04      1.34e+00       3.84e-02       1.31e+04    
      12             16         8.9463e+04      1.04e+00       9.52e-02       2.05e+04    
      13             17         8.9462e+04      1.08e+00       4.00e-02       1.33e+04    
      14             18         8.9461e+04      8.11e-01       7.23e-02       1.69e+04    
      15             19         8.9460e+04      6.74e-01       2.41e-02       1.09e+04    
      16             20         8.9460e+04      4.47e-01       4.16e-02       1.23e+04    
      17             21         8.9456e+04      3.61e+00       2.40e-01       1.06e+04    
      18             22         8.9456e+04      2.55e-01       1.97e-02       9.72e+03    
      19             23         8.9455e+04      4.00e-01       3.36e-02       1.30e+04    
      20             24         8.9455e+04      2.81e-01       1.49e-02       8.01e+03    
      21             25         8.9454e+04      8.36e-01       9.89e-02       2.07e+04    
      22             26         8.9454e+04      6.43e-01       1.33e-02       6.34e+03    
      23             27         8.9453e+04      1.02e+00       1.35e-01       1.64e+04    
      24             28         8.9452e+04      8.30e-01       1.36e-02       5.69e+03    
      25             29         8.9451e+04      7.06e-01       8.89e-02       8.38e+03    
      26             30         8.9451e+04      5.58e-01       1.63e-02       5.29e+03    
      27             31         8.9450e+04      1.84e-01       1.75e-02       5.12e+03    
      28             32         8.9450e+04      3.58e-01       3.78e-02       5.88e+03    
      29             33         8.9450e+04      2.54e-01       1.10e-02       4.74e+03    
      30             34         8.9449e+04      2.74e-01       3.64e-02       6.06e+03    
      31             35         8.9449e+04      3.60e-01       2.05e-02       4.88e+03    
      32             36         8.9449e+04      1.84e-01       1.78e-02       5.41e+03    
      33             37         8.9448e+04      4.26e-01       4.68e-02       5.70e+03    
      34             38         8.9448e+04      2.64e-01       1.06e-02       4.92e+03    
      35             39         8.9443e+04      5.33e+00       7.09e-01       1.06e+04    
      36             40         8.9441e+04      1.75e+00       1.45e-02       5.43e+03    
      37             41         8.9441e+04      5.67e-01       7.93e-03       4.36e+03    
      38             42         8.9440e+04      2.93e-01       5.47e-02       5.25e+03    
      39             43         8.9440e+04      2.89e-01       6.79e-03       4.24e+03    
      40             44         8.9440e+04      1.77e-01       3.24e-02       4.58e+03    
      41             45         8.9440e+04      1.92e-01       7.19e-03       4.22e+03    
      42             46         8.9440e+04      1.16e-01       1.95e-02       4.45e+03    
      43             47         8.9439e+04      1.37e-01       8.06e-03       4.23e+03    
      44             48         8.9439e+04      9.52e-02       1.39e-02       5.81e+03    
      45             49         8.9439e+04      1.02e-01       7.40e-03       4.56e+03    
      46             50         8.9439e+04      8.04e-02       1.10e-02       9.09e+03    
`ftol` termination condition is satisfied.
Function evaluations 50, initial cost 9.1131e+04, final cost 8.9439e+04, first-order optimality 9.09e+03.
reproj_after_mean: 1.622366 px
reproj_after_median: 1.234375 px
reproj_after_p90: 3.322401 px
shared_intrinsics_after: [1842.285892442456, 1023.9366189336785, 1023.7758751644423]
prune_reproj_error_px: 8.000000
pruned_points: 225
success: True
message: `ftol` termination condition is satisfied.
time_sec: 37.328
output_sparse: data/human2_vggt_official_ba/sparse_self_ba_intrinsics_pruned
