/root/miniconda3/envs/cv/lib/python3.10/site-packages/lightglue/lightglue.py:24: FutureWarning: `torch.cuda.amp.custom_fwd(args...)` is deprecated. Please use `torch.amp.custom_fwd(args..., device_type='cuda')` instead.
  @torch.cuda.amp.custom_fwd(cast_inputs=torch.float32)
/root/cv_hw/vggt/demo_colmap.py:75: FutureWarning: `torch.cuda.amp.autocast(args...)` is deprecated. Please use `torch.amp.autocast('cuda', args...)` instead.
  with torch.cuda.amp.autocast(dtype=dtype):
/root/cv_hw/vggt/demo_colmap.py:147: FutureWarning: `torch.cuda.amp.autocast(args...)` is deprecated. Please use `torch.amp.autocast('cuda', args...)` instead.
  with torch.cuda.amp.autocast(dtype=dtype):
Using cache found in /root/.cache/torch/hub/facebookresearch_dinov2_main
/root/.cache/torch/hub/facebookresearch_dinov2_main/dinov2/layers/swiglu_ffn.py:51: UserWarning: xFormers is not available (SwiGLU)
  warnings.warn("xFormers is not available (SwiGLU)")
/root/.cache/torch/hub/facebookresearch_dinov2_main/dinov2/layers/attention.py:33: UserWarning: xFormers is not available (Attention)
  warnings.warn("xFormers is not available (Attention)")
/root/.cache/torch/hub/facebookresearch_dinov2_main/dinov2/layers/block.py:40: UserWarning: xFormers is not available (Block)
  warnings.warn("xFormers is not available (Block)")
I20260624 10:35:37.310741 140000461882560 misc.cc:198] 
==============================================================================
Global bundle adjustment
==============================================================================
I20260624 10:36:03.682405 140000461882560 bundle_adjustment.cc:866] 
Bundle adjustment report:
    Residuals : 173674
   Parameters : 38844
   Iterations : 36
         Time : 26.2827 [s]
 Initial cost : 7.40014 [px]
   Final cost : 0.320844 [px]
  Termination : Convergence

I20260624 10:36:03.682465 140000461882560 timer.cc:91] Elapsed time: 0.440 [minutes]
Running VGGT COLMAP export for: data/scene3_vggt_official_ba_24
Note: this loads the VGGT-1B checkpoint and is intended for a GPU environment.
Arguments: {'scene_dir': '/root/cv_hw/data/scene3_vggt_official_ba_24', 'seed': 42, 'use_ba': True, 'max_reproj_error': 8.0, 'shared_camera': True, 'camera_type': 'SIMPLE_PINHOLE', 'vis_thresh': 0.2, 'query_frame_num': 5, 'max_query_pts': 2048, 'fine_tracking': False, 'conf_thres_value': 5.0}
Setting seed as: 42
Using device: cuda
Using dtype: torch.bfloat16
Model loaded
Loaded 24 images from /root/cv_hw/data/scene3_vggt_official_ba_24/images
Predicting tracks for query frame 0
Predicting tracks for query frame 17
Predicting tracks for query frame 1
Predicting tracks for query frame 3
Predicting tracks for query frame 2
Saving reconstruction to /root/cv_hw/data/scene3_vggt_official_ba_24/sparse
VGGT sparse output:
  data/scene3_vggt_official_ba_24/sparse/cameras.bin  56 bytes
  data/scene3_vggt_official_ba_24/sparse/images.bin  2086088 bytes
  data/scene3_vggt_official_ba_24/sparse/points3D.bin  1352706 bytes
  data/scene3_vggt_official_ba_24/sparse/points.ply  245554 bytes
  cameras: 1
  images: 24
  points3D: 12902
  mean_track_length: 6.731
  points usable for BA (track_len>=2): 12902
