[Self BA]
input_sparse: data/scene3_vggt_official_ba_24/sparse
images: 24
points: 12000
observations: 85033
optimize_shared_intrinsics: True
shared_camera_model: SIMPLE_PINHOLE
shared_intrinsics_before: [692.559710095867, 640.0, 360.0]
reproj_before_mean: 0.639515 px
reproj_before_median: 0.523958 px
reproj_before_p90: 1.216809 px
   Iteration     Total nfev        Cost      Cost reduction    Step norm     Optimality   
       0              1         2.5013e+04                                    2.36e+05    
       1              2         2.4849e+04      1.65e+02       2.90e+00       5.99e+04    
       2              3         2.4840e+04      8.93e+00       4.40e-03       6.38e+03    
       3              4         2.4838e+04      1.69e+00       1.42e-03       2.41e+03    
       4              5         2.4837e+04      5.01e-01       3.19e-02       2.51e+02    
       5              6         2.4837e+04      3.35e-03       2.44e-05       3.22e+02    
Both `ftol` and `xtol` termination conditions are satisfied.
Function evaluations 6, initial cost 2.5013e+04, final cost 2.4837e+04, first-order optimality 3.22e+02.
reproj_after_mean: 0.633190 px
reproj_after_median: 0.515021 px
reproj_after_p90: 1.198675 px
shared_intrinsics_after: [693.7345786459567, 637.5890598666441, 358.9047085609102]
prune_reproj_error_px: 8.000000
pruned_points: 6
success: True
message: Both `ftol` and `xtol` termination conditions are satisfied.
time_sec: 31.972
output_sparse: data/scene3_vggt_official_ba_24/sparse_self_ba_intrinsics_pruned
