/root/miniconda3/envs/cv/lib/python3.10/site-packages/lightglue/lightglue.py:24: FutureWarning: `torch.cuda.amp.custom_fwd(args...)` is deprecated. Please use `torch.amp.custom_fwd(args..., device_type='cuda')` instead.
  @torch.cuda.amp.custom_fwd(cast_inputs=torch.float32)
/root/cv_hw/vggt/demo_colmap.py:75: FutureWarning: `torch.cuda.amp.autocast(args...)` is deprecated. Please use `torch.amp.autocast('cuda', args...)` instead.
  with torch.cuda.amp.autocast(dtype=dtype):
/root/cv_hw/vggt/demo_colmap.py:147: FutureWarning: `torch.cuda.amp.autocast(args...)` is deprecated. Please use `torch.amp.autocast('cuda', args...)` instead.
  with torch.cuda.amp.autocast(dtype=dtype):
Using cache found in /root/.cache/torch/hub/facebookresearch_dinov2_main
/root/.cache/torch/hub/facebookresearch_dinov2_main/dinov2/layers/swiglu_ffn.py:51: UserWarning: xFormers is not available (SwiGLU)
  warnings.warn("xFormers is not available (SwiGLU)")
/root/.cache/torch/hub/facebookresearch_dinov2_main/dinov2/layers/attention.py:33: UserWarning: xFormers is not available (Attention)
  warnings.warn("xFormers is not available (Attention)")
/root/.cache/torch/hub/facebookresearch_dinov2_main/dinov2/layers/block.py:40: UserWarning: xFormers is not available (Block)
  warnings.warn("xFormers is not available (Block)")
I20260624 12:44:04.397686 139681068413568 misc.cc:198] 
==============================================================================
Global bundle adjustment
==============================================================================
I20260624 12:48:00.388015 139681068413568 bundle_adjustment.cc:866] 
Bundle adjustment report:
    Residuals : 1124970
   Parameters : 71700
   Iterations : 101
         Time : 235.455 [s]
 Initial cost : 3.26223 [px]
   Final cost : 0.441466 [px]
  Termination : No convergence

I20260624 12:48:00.388100 139681068413568 timer.cc:91] Elapsed time: 3.933 [minutes]
Running VGGT COLMAP export for: data/scene3_dense_official_ba_96
Note: this loads the VGGT-1B checkpoint and is intended for a GPU environment.
Arguments: {'scene_dir': '/root/cv_hw/data/scene3_dense_official_ba_96', 'seed': 42, 'use_ba': True, 'max_reproj_error': 8.0, 'shared_camera': True, 'camera_type': 'SIMPLE_PINHOLE', 'vis_thresh': 0.2, 'query_frame_num': 8, 'max_query_pts': 2048, 'fine_tracking': False, 'conf_thres_value': 5.0}
Setting seed as: 42
Using device: cuda
Using dtype: torch.bfloat16
Model loaded
Loaded 96 images from /root/cv_hw/data/scene3_dense_official_ba_96/images
Predicting tracks for query frame 0
Predicting tracks for query frame 62
Predicting tracks for query frame 2
Predicting tracks for query frame 1
Predicting tracks for query frame 3
Predicting tracks for query frame 4
Predicting tracks for query frame 5
Predicting tracks for query frame 6
Saving reconstruction to /root/cv_hw/data/scene3_dense_official_ba_96/sparse
VGGT sparse output:
  data/scene3_dense_official_ba_96/sparse/cameras.bin  56 bytes
  data/scene3_dense_official_ba_96/sparse/images.bin  13507616 bytes
  data/scene3_dense_official_ba_96/sparse/points3D.bin  5709098 bytes
  data/scene3_dense_official_ba_96/sparse/points.ply  395058 bytes
  cameras: 1
  images: 96
  points3D: 23710
  mean_track_length: 23.724
  points usable for BA (track_len>=2): 23710
